<?xml version="1.0" encoding="UTF-8"?>
<!-- Generated by org.testng.reporters.JUnitReportReporter -->
<testsuite hostname="DESKTOP-PE1AT5K" failures="0" tests="4" name="com.crm.qa.testcases.LoginPageTest" time="87.068" errors="0" timestamp="2024-01-27T17:46:38 IST" skipped="0">
  <testcase classname="com.crm.qa.testcases.LoginPageTest" name="crmLogoVisibleTest" time="11.878"/>
  <testcase classname="com.crm.qa.testcases.LoginPageTest" name="clickPricingLinkTest" time="22.962"/>
  <testcase classname="com.crm.qa.testcases.LoginPageTest" name="clickCustomersLinkTest" time="22.820"/>
  <testcase classname="com.crm.qa.testcases.LoginPageTest" name="loginTest" time="29.408"/>
</testsuite> <!-- com.crm.qa.testcases.LoginPageTest -->
