<?xml version="1.0" encoding="UTF-8"?>
<!-- Generated by org.testng.reporters.JUnitReportReporter -->
<testsuite hostname="DESKTOP-PE1AT5K" failures="0" tests="2" name="com.crm.qa.testcases.SignUpPageTest" time="42.339" errors="0" timestamp="2024-01-15T11:18:41 IST" skipped="0">
  <testcase classname="com.crm.qa.testcases.SignUpPageTest" name="displayForgotPwdLinkTest" time="23.386"/>
  <testcase classname="com.crm.qa.testcases.SignUpPageTest" name="loginTest" time="18.953"/>
</testsuite> <!-- com.crm.qa.testcases.SignUpPageTest -->
