<?xml version="1.0" encoding="UTF-8"?>
<!-- Generated by org.testng.reporters.JUnitReportReporter -->
<testsuite hostname="DESKTOP-PE1AT5K" failures="0" tests="4" name="com.crm.qa.testcases.HomePageTest" time="118.573" errors="0" timestamp="2024-01-21T12:46:15 IST" skipped="0">
  <testcase classname="com.crm.qa.testcases.HomePageTest" name="loginNameVisibleTest" time="28.199"/>
  <testcase classname="com.crm.qa.testcases.HomePageTest" name="createNewDealTest" time="30.730"/>
  <testcase classname="com.crm.qa.testcases.HomePageTest" name="createNewContactTest" time="30.180"/>
  <testcase classname="com.crm.qa.testcases.HomePageTest" name="createNewTaskTest" time="29.464"/>
</testsuite> <!-- com.crm.qa.testcases.HomePageTest -->
