<?xml version="1.0" encoding="UTF-8"?>
<!-- Generated by org.testng.reporters.JUnitReportReporter -->
<testsuite hostname="DESKTOP-PE1AT5K" failures="0" tests="4" name="com.crm.qa.testcases.DealPageTest" time="129.666" errors="0" timestamp="2024-01-22T12:00:21 IST" skipped="0">
  <testcase classname="com.crm.qa.testcases.DealPageTest" name="validateCreateNewDeal" time="30.862"/>
  <testcase classname="com.crm.qa.testcases.DealPageTest" name="validateCreateNewDeal" time="30.843"/>
  <testcase classname="com.crm.qa.testcases.DealPageTest" name="validateCreateNewDeal" time="31.018"/>
  <testcase classname="com.crm.qa.testcases.DealPageTest" name="validateCreateNewDeal" time="36.943"/>
</testsuite> <!-- com.crm.qa.testcases.DealPageTest -->
